------------------------------
-----------------M------------
----------------BM------------
----------------BM------------
--M-------------BM------------
----------------BM------------
----------------BM------------
----------------BM---M--------
------------BBBBBM------------
---------------B-M------------
-----------------M------------
-------------MMMMM------------
-------------M----------------
------------------------------
------------------------MMMMMM
-----------------------------M
-----------------------------M
-----------------------------M
------------------------------
------------------------------
------------------------------
------------------------------
----------------MM--BBBBBBBB--
-MMMMM-----------MBBBMM----B--
-----M-----------MMMMM--------
-----M------------------------
---BBBBB----------------------
------B-----------------------
------------------------------
------------------------------