---------------------------B-M--M------B-------------BB-----
-----B-M--M-------------BM---------------------M--M-MB------
MB-----MM-M--------M-----------------------M-MB--BMMM---B-BM
-B-BMM-M--MM----B-------------------------------------------
-M---M-M--M--B--B-------------------M-B-----------------B---
MM---MMMMMM-----BB--------M---------M-B----B----------------
--------------------------------BM--MBB----B-------M--------
-M------------------------------B---M-B----B-------MM-------
---B-------------------B----M---B---M-B----BM------M---B---M
---BBBBBBB------------------M---B---M-B----BBB-----MMMMMM---
---------BBB----------------M---B---M-B------B-------------B
----------MB---B------------M---B---M-B------B-----------BM-
M-BBBBBBBBBB----------------M---B---M-BBB----B--------------
----B-----------------MMMMMMM--BB---M-----------------------
----------------------------------------------------------MB
---------M-----------------------------------------------MM-
--M------M-----------------------------------------MMMMMMMB-
MMMMMMMMMM----BBBB---------------------------------M--------
---M----MM-------B---BBBBBBBBB----------------MM------------
B-------MM-------B-----------BBBB-------------M-------------
--------MM-------B--------------B------------------M--------
--------MM-------B--------------B-------------BBBBBBBBBBBB--
--B-----MM-------B--------------B----------BBBB-------------
MMMMMMMMMM-------B--------------B-------B-------------------
------M--M----------------------B---------------B-----------
-----M---M----------------------B---------------------------
-----MMMMM-----------------------------------MMMMMMMMMMMM---
---------M-----------------------------------M--------------
-B-M--------------------------------------------------------
------B------------M------------------B---------------------
---------------B-------------------------M----------B-------
---------------M-------------------------MM-----------------
--M-----------------------------M---------------------------
---------------------BBBB-------M--------------M------------
BBBBBBBBBBBB---------MMMB-------M--------------M---------B-M
-MM--------B---------M-MB-------M--------------M--------M---
--MM-------B---------M-MBMMMMMMMM--------------MMMMMMMMMM---
---M-------B---------M-MBM----------------------------------
------B----B---------M-MB------------------------BBBBBBB----
---BBBBBB--B--------MM-MB-----------------------MB----------
-------MB--B---------M-MB------------------------------M----
BBBBBBBBBBBB---------M-MB-------------B---------------------
-B-BM------B---------M-MB-------------------------------M---
-B-B-------B---------M-MBBBBBBBBBB-----------------BBBBBB---
BBBB-------B--------MM-M---------B----------------BBM-----M-
----------BB------B--B-MM--------B----------------B---------
------------------------MMM------BB------------------------B
--M-------------------------------M---------------------B---
B------MMBB------------------------------------B------------
-----MMM--B-M-----------------------------------------------
B---------B--B-MM----------------------------MM-------------
----------B-----M----------------------------M--------------
------B---B-----M---------------------------------------B---
----------------M--------------------------------B---M------
-BM--MBB--------------------------------------BB--M---------
-------B------B-------------------------MMM---B---BB-------M
B------B---------------------MMM-B------MBM-BBB----B--M-----
---------------------------BMM-M-----M--M---BMB----B-B------
BB-M------------B-------BB-----M---B----M---B-----------B-M-
------------------M----M-B-M---M-------B-------------M-M----
